<?xml version="1.0" encoding="UTF-8"?>
<!-- Generated by org.testng.reporters.JUnitReportReporter -->
<testsuite hostname="LAPTOP-LKS7L590" failures="0" tests="4" name="logInTestCases.Login" time="41.011" errors="0" timestamp="2022-03-05T17:24:21 IST" skipped="0">
  <testcase classname="logInTestCases.Login" name="loginWithBothCorrect" time="12.641"/>
  <system-out/>
  <testcase classname="logInTestCases.Login" name="loginWithBothCorrect" time="8.296"/>
  <system-out/>
  <testcase classname="logInTestCases.Login" name="loginWithBothCorrect" time="8.614"/>
  <system-out/>
  <testcase classname="logInTestCases.Login" name="loginWithBothCorrect" time="11.460"/>
  <system-out/>
</testsuite> <!-- logInTestCases.Login -->
