<?xml version="1.0" encoding="UTF-8"?>
<!-- Generated by org.testng.reporters.JUnitReportReporter -->
<testsuite hostname="LAPTOP-LKS7L590" failures="0" tests="1" name="logInTestCases.CorrectUsername" time="9.114" errors="0" timestamp="2022-03-05T16:11:51 IST" skipped="0">
  <testcase classname="logInTestCases.CorrectUsername" name="loginWithCorrectUsername" time="9.114"/>
  <system-out/>
</testsuite> <!-- logInTestCases.CorrectUsername -->
